<?xml version="1.0" encoding="UTF-8"?>
<robot generator="Robot 3.1.2 (Python 3.8.0 on win32)" generated="20200102 17:57:18.835" rpa="false">
<suite id="s1" name="TC1" source="C:\Users\Ingvar\Desktop\TestFinalProject\RobotTestingFinalProject\TestCases\TC1.robot">
<test id="s1-t1" name="LoginTest">
<kw name="Open Browser" library="SeleniumLibrary">
<doc>Opens a new browser instance to the optional ``url``.</doc>
<arguments>
<arg>https://www.nopcommerce.com</arg>
<arg>chrome</arg>
</arguments>
<msg timestamp="20200102 17:57:19.112" level="INFO">Opening browser 'chrome' to base url 'https://www.nopcommerce.com'.</msg>
<status status="PASS" starttime="20200102 17:57:19.112" endtime="20200102 17:57:23.658"></status>
</kw>
<kw name="Click Element" library="SeleniumLibrary">
<doc>Click the element identified by ``locator``.</doc>
<arguments>
<arg>xpath://span[@class='ico-caret sprite-image']</arg>
</arguments>
<msg timestamp="20200102 17:57:23.659" level="INFO">Clicking element 'xpath://span[@class='ico-caret sprite-image']'.</msg>
<status status="PASS" starttime="20200102 17:57:23.659" endtime="20200102 17:57:23.774"></status>
</kw>
<kw name="Click Link" library="SeleniumLibrary">
<doc>Clicks a link identified by ``locator``.</doc>
<arguments>
<arg>xpath://a[@class='ico-login']</arg>
</arguments>
<msg timestamp="20200102 17:57:23.775" level="INFO">Clicking link 'xpath://a[@class='ico-login']'.</msg>
<status status="PASS" starttime="20200102 17:57:23.775" endtime="20200102 17:57:24.503"></status>
</kw>
<kw name="Input Text" library="SeleniumLibrary">
<doc>Types the given ``text`` into the text field identified by ``locator``.</doc>
<arguments>
<arg>id:Username</arg>
<arg>ingvarorn87gmail.com</arg>
</arguments>
<msg timestamp="20200102 17:57:24.504" level="INFO">Typing text 'ingvarorn87gmail.com' into text field 'id:Username'.</msg>
<status status="PASS" starttime="20200102 17:57:24.504" endtime="20200102 17:57:24.613"></status>
</kw>
<kw name="Input Text" library="SeleniumLibrary">
<doc>Types the given ``text`` into the text field identified by ``locator``.</doc>
<arguments>
<arg>id:Password</arg>
<arg>ingvar270787</arg>
</arguments>
<msg timestamp="20200102 17:57:24.614" level="INFO">Typing text 'ingvar270787' into text field 'id:Password'.</msg>
<status status="PASS" starttime="20200102 17:57:24.614" endtime="20200102 17:57:24.728"></status>
</kw>
<kw name="Click Element" library="SeleniumLibrary">
<doc>Click the element identified by ``locator``.</doc>
<arguments>
<arg>xpath://div[@class='form-fields']//input[@class='btn blue-button']</arg>
</arguments>
<msg timestamp="20200102 17:57:24.729" level="INFO">Clicking element 'xpath://div[@class='form-fields']//input[@class='btn blue-button']'.</msg>
<status status="PASS" starttime="20200102 17:57:24.729" endtime="20200102 17:57:24.789"></status>
</kw>
<kw name="Close Browser" library="SeleniumLibrary">
<doc>Closes the current browser.</doc>
<status status="PASS" starttime="20200102 17:57:24.790" endtime="20200102 17:57:26.913"></status>
</kw>
<status status="PASS" starttime="20200102 17:57:19.111" endtime="20200102 17:57:26.914" critical="yes"></status>
</test>
<status status="PASS" starttime="20200102 17:57:18.837" endtime="20200102 17:57:26.919"></status>
</suite>
<statistics>
<total>
<stat pass="1" fail="0">Critical Tests</stat>
<stat pass="1" fail="0">All Tests</stat>
</total>
<tag>
</tag>
<suite>
<stat pass="1" fail="0" id="s1" name="TC1">TC1</stat>
</suite>
</statistics>
<errors>
</errors>
</robot>
