<?xml version="1.0" encoding="UTF-8"?>
<robot generator="Robot 3.1.2 (Python 3.8.0 on win32)" generated="20200102 20:24:26.348" rpa="false">
<suite id="s1" name="Inputbox" source="C:\Users\Ingvar\Desktop\TestFinalProject\RobotTestingFinalProject\TestCases\Inputbox.robot">
<test id="s1-t1" name="TestingInputBox">
<kw name="Open Browser" library="SeleniumLibrary">
<doc>Opens a new browser instance to the optional ``url``.</doc>
<arguments>
<arg>${url}</arg>
<arg>${browser}</arg>
</arguments>
<msg timestamp="20200102 20:24:26.619" level="INFO">Opening browser 'chrome' to base url 'https://www.nopcommerce.com'.</msg>
<status status="PASS" starttime="20200102 20:24:26.619" endtime="20200102 20:24:30.376"></status>
</kw>
<kw name="Title Should Be" library="SeleniumLibrary">
<doc>Verifies that the current page title equals ``title``.</doc>
<arguments>
<arg>Free and open-source eCommerce platform. ASP.NET based shopping cart. - nopCommerce</arg>
</arguments>
<msg timestamp="20200102 20:24:30.390" level="INFO">Page title is 'Free and open-source eCommerce platform. ASP.NET based shopping cart. - nopCommerce'.</msg>
<status status="PASS" starttime="20200102 20:24:30.377" endtime="20200102 20:24:30.390"></status>
</kw>
<kw name="Click Element" library="SeleniumLibrary">
<doc>Click the element identified by ``locator``.</doc>
<arguments>
<arg>xpath://span[@class='ico-caret sprite-image']</arg>
</arguments>
<msg timestamp="20200102 20:24:30.392" level="INFO">Clicking element 'xpath://span[@class='ico-caret sprite-image']'.</msg>
<status status="PASS" starttime="20200102 20:24:30.391" endtime="20200102 20:24:30.486"></status>
</kw>
<kw name="Click Link" library="SeleniumLibrary">
<doc>Clicks a link identified by ``locator``.</doc>
<arguments>
<arg>xpath://a[@class='ico-login']</arg>
</arguments>
<msg timestamp="20200102 20:24:30.487" level="INFO">Clicking link 'xpath://a[@class='ico-login']'.</msg>
<status status="PASS" starttime="20200102 20:24:30.487" endtime="20200102 20:24:31.296"></status>
</kw>
<kw name="Set Variable" library="BuiltIn">
<doc>Returns the given values which can then be assigned to a variables.</doc>
<arguments>
<arg>id:Username</arg>
</arguments>
<assign>
<var>${"email_txt"}</var>
</assign>
<msg timestamp="20200102 20:24:31.296" level="INFO">${"email_txt"} = id:Username</msg>
<status status="PASS" starttime="20200102 20:24:31.296" endtime="20200102 20:24:31.297"></status>
</kw>
<kw name="Element Should Be Visible" library="SeleniumLibrary">
<doc>Verifies that the element identified by ``locator`` is visible.</doc>
<arguments>
<arg>${"email_txt"}</arg>
</arguments>
<msg timestamp="20200102 20:24:31.334" level="INFO">Element 'id:Username' is displayed.</msg>
<status status="PASS" starttime="20200102 20:24:31.297" endtime="20200102 20:24:31.334"></status>
</kw>
<kw name="Element Should Be Enabled" library="SeleniumLibrary">
<doc>Verifies that element identified by ``locator`` is enabled.</doc>
<arguments>
<arg>${"email_txt"}</arg>
</arguments>
<status status="PASS" starttime="20200102 20:24:31.335" endtime="20200102 20:24:31.372"></status>
</kw>
<kw name="Input Text" library="SeleniumLibrary">
<doc>Types the given ``text`` into the text field identified by ``locator``.</doc>
<arguments>
<arg>${"email_txt"}</arg>
<arg>RobReinier@nogo.com</arg>
</arguments>
<msg timestamp="20200102 20:24:31.373" level="INFO">Typing text 'RobReinier@nogo.com' into text field 'id:Username'.</msg>
<status status="PASS" starttime="20200102 20:24:31.373" endtime="20200102 20:24:31.490"></status>
</kw>
<kw name="Sleep" library="BuiltIn">
<doc>Pauses the test executed for the given time.</doc>
<arguments>
<arg>5</arg>
</arguments>
<msg timestamp="20200102 20:24:36.492" level="INFO">Slept 5 seconds</msg>
<status status="PASS" starttime="20200102 20:24:31.491" endtime="20200102 20:24:36.492"></status>
</kw>
<kw name="Clear Element Text" library="SeleniumLibrary">
<doc>Clears the value of the text-input-element identified by ``locator``.</doc>
<arguments>
<arg>${"email_txt"}</arg>
</arguments>
<status status="PASS" starttime="20200102 20:24:36.493" endtime="20200102 20:24:36.526"></status>
</kw>
<kw name="Sleep" library="BuiltIn">
<doc>Pauses the test executed for the given time.</doc>
<arguments>
<arg>3</arg>
</arguments>
<msg timestamp="20200102 20:24:39.529" level="INFO">Slept 3 seconds</msg>
<status status="PASS" starttime="20200102 20:24:36.527" endtime="20200102 20:24:39.529"></status>
</kw>
<kw name="Close Browser" library="SeleniumLibrary">
<doc>Closes the current browser.</doc>
<status status="PASS" starttime="20200102 20:24:39.531" endtime="20200102 20:24:41.694"></status>
</kw>
<status status="PASS" starttime="20200102 20:24:26.618" endtime="20200102 20:24:41.695" critical="yes"></status>
</test>
<status status="PASS" starttime="20200102 20:24:26.350" endtime="20200102 20:24:41.698"></status>
</suite>
<statistics>
<total>
<stat pass="1" fail="0">Critical Tests</stat>
<stat pass="1" fail="0">All Tests</stat>
</total>
<tag>
</tag>
<suite>
<stat pass="1" fail="0" id="s1" name="Inputbox">Inputbox</stat>
</suite>
</statistics>
<errors>
</errors>
</robot>
